Traceback (most recent call last):
  File "/opt/hostedtoolcache/Python/3.12.6/x64/lib/python3.12/site-packages/jupyter_cache/executors/utils.py", line 58, in single_nb_execution
    executenb(
  File "/opt/hostedtoolcache/Python/3.12.6/x64/lib/python3.12/site-packages/nbclient/client.py", line 1314, in execute
    return NotebookClient(nb=nb, resources=resources, km=km, **kwargs).execute()
           ^^^^^^^^^^^^^^^^^^^^^^^^^^^^^^^^^^^^^^^^^^^^^^^^^^^^^^^^^^^^^^^^^^^^^
  File "/opt/hostedtoolcache/Python/3.12.6/x64/lib/python3.12/site-packages/jupyter_core/utils/__init__.py", line 165, in wrapped
    return loop.run_until_complete(inner)
           ^^^^^^^^^^^^^^^^^^^^^^^^^^^^^^
  File "/opt/hostedtoolcache/Python/3.12.6/x64/lib/python3.12/asyncio/base_events.py", line 687, in run_until_complete
    return future.result()
           ^^^^^^^^^^^^^^^
  File "/opt/hostedtoolcache/Python/3.12.6/x64/lib/python3.12/site-packages/nbclient/client.py", line 709, in async_execute
    await self.async_execute_cell(
  File "/opt/hostedtoolcache/Python/3.12.6/x64/lib/python3.12/site-packages/nbclient/client.py", line 1062, in async_execute_cell
    await self._check_raise_for_error(cell, cell_index, exec_reply)
  File "/opt/hostedtoolcache/Python/3.12.6/x64/lib/python3.12/site-packages/nbclient/client.py", line 918, in _check_raise_for_error
    raise CellExecutionError.from_cell_and_msg(cell, exec_reply_content)
nbclient.exceptions.CellExecutionError: An error occurred while executing the following cell:
------------------
uJacobi, resNormHistoryJacobi, iterationTimesJacobi = iterativeSolve(
    u, qVec, kappa, dx, jacobi_iteration_with_relax, tol=tol, omega=1.0
)

resNormHistories = []
iterationTimes = []
omegas = [1.0, 1.4, 1.6, 1.8, 1.85 , 2]
for omega in omegas:
    print(omega)
    uGS, res_history_GS, iterationTimesGS = iterativeSolve(
    u, qVec, kappa, L / Nx, gaussSeidelIteration, tol=tol, omega=omega)

    resNormHistories.append(res_history_GS)
    iterationTimes.append(iterationTimesGS)
------------------

----- stdout -----
Iteration 0: Res norm = 5.13e+02
----- stdout -----
Iteration 500: Res norm = 4.14e+00
----- stdout -----
Iteration 1000: Res norm = 2.89e+00
----- stdout -----
Iteration 1500: Res norm = 2.27e+00
----- stdout -----
Iteration 2000: Res norm = 1.83e+00
----- stdout -----
Iteration 2500: Res norm = 1.49e+00
----- stdout -----
Iteration 3000: Res norm = 1.23e+00
----- stdout -----
Iteration 3500: Res norm = 1.03e+00
----- stdout -----
Iteration 4000: Res norm = 8.73e-01
----- stdout -----
Iteration 4500: Res norm = 7.52e-01
----- stdout -----
Iteration 4999: Res norm = 6.59e-01
1.0
Iteration 0: Res norm = 5.13e+02
------------------

[0;31m---------------------------------------------------------------------------[0m
[0;31mTypeError[0m                                 Traceback (most recent call last)
Cell [0;32mIn[14], line 10[0m
[1;32m      8[0m [38;5;28;01mfor[39;00m omega [38;5;129;01min[39;00m omegas:
[1;32m      9[0m     [38;5;28mprint[39m(omega)
[0;32m---> 10[0m     uGS, res_history_GS, iterationTimesGS [38;5;241m=[39m [43miterativeSolve[49m[43m([49m
[1;32m     11[0m [43m    [49m[43mu[49m[43m,[49m[43m [49m[43mqVec[49m[43m,[49m[43m [49m[43mkappa[49m[43m,[49m[43m [49m[43mL[49m[43m [49m[38;5;241;43m/[39;49m[43m [49m[43mNx[49m[43m,[49m[43m [49m[43mgaussSeidelIteration[49m[43m,[49m[43m [49m[43mtol[49m[38;5;241;43m=[39;49m[43mtol[49m[43m,[49m[43m [49m[43momega[49m[38;5;241;43m=[39;49m[43momega[49m[43m)[49m
[1;32m     13[0m     resNormHistories[38;5;241m.[39mappend(res_history_GS)
[1;32m     14[0m     iterationTimes[38;5;241m.[39mappend(iterationTimesGS)

Cell [0;32mIn[11], line 41[0m, in [0;36miterativeSolve[0;34m(u, q, kappa, dx, smootherFunc, tol, omega, maxIter)[0m
[1;32m     39[0m     [38;5;28;01mif[39;00m resNorm [38;5;241m<[39m tol [38;5;129;01mor[39;00m resNorm [38;5;241m>[39m [38;5;241m1e10[39m [38;5;129;01mor[39;00m np[38;5;241m.[39misnan(resNorm):
[1;32m     40[0m         [38;5;28;01mbreak[39;00m
[0;32m---> 41[0m     u [38;5;241m=[39m [43msmootherFunc[49m[43m([49m[43mu[49m[43m,[49m[43m [49m[43mq[49m[43m,[49m[43m [49m[43mkappa[49m[43m,[49m[43m [49m[43mdx[49m[43m,[49m[43m [49m[43momega[49m[38;5;241;43m=[39;49m[43momega[49m[43m)[49m
[1;32m     43[0m [38;5;28;01mif[39;00m ii [38;5;241m%[39m printFrequency [38;5;241m!=[39m [38;5;241m0[39m:
[1;32m     44[0m     [38;5;28mprint[39m([38;5;124mf[39m[38;5;124m"[39m[38;5;124mIteration [39m[38;5;132;01m{[39;00mii[38;5;132;01m}[39;00m[38;5;124m: Res norm = [39m[38;5;132;01m{[39;00mresNorm[38;5;132;01m:[39;00m[38;5;124m.2e[39m[38;5;132;01m}[39;00m[38;5;124m"[39m)

[0;31mTypeError[0m: gaussSeidelIteration() got an unexpected keyword argument 'omega'

